Unity Editor version:    2021.2.10f1 (ee872746220e)
Branch:                  2021.2/staging
Build type:              Release
Batch mode:              YES
System name:             Linux
Distro version:          #29~20.04.1-Ubuntu SMP Fri Jan 14 00:32:30 UTC 2022
Kernel version:          5.13.0-27-generic
Architecture:            x86_64
Available memory:        23857 MB
Using pre-set license
Pro License: NO

(Unity:1131389): Gdk-CRITICAL **: 21:12:44.125: gdk_window_get_cursor: assertion 'GDK_IS_WINDOW (window)' failed
Desktop is 3840 x 2160 @ 60 Hz
Initialize udev device monitor.

COMMAND LINE ARGUMENTS:
Unity
-adb2
-batchMode
-noUpm
-name
AssetImportWorker0
-projectPath
/home/bitheaven/UnityProjects/Game Cleaner
-logFile
Logs/AssetImportWorker0.log
-srvPort
42245
Successfully changed project path to: /home/bitheaven/UnityProjects/Game Cleaner
/home/bitheaven/UnityProjects/Game Cleaner
[UnityMemory] Configuration Parameters - Can be set up in boot.config
    "memorysetup-bucket-allocator-granularity=16"
    "memorysetup-bucket-allocator-bucket-count=8"
    "memorysetup-bucket-allocator-block-size=33554432"
    "memorysetup-bucket-allocator-block-count=8"
    "memorysetup-main-allocator-block-size=16777216"
    "memorysetup-thread-allocator-block-size=16777216"
    "memorysetup-gfx-main-allocator-block-size=16777216"
    "memorysetup-gfx-thread-allocator-block-size=16777216"
    "memorysetup-cache-allocator-block-size=4194304"
    "memorysetup-typetree-allocator-block-size=2097152"
    "memorysetup-profiler-bucket-allocator-granularity=16"
    "memorysetup-profiler-bucket-allocator-bucket-count=8"
    "memorysetup-profiler-bucket-allocator-block-size=33554432"
    "memorysetup-profiler-bucket-allocator-block-count=8"
    "memorysetup-profiler-allocator-block-size=16777216"
    "memorysetup-profiler-editor-allocator-block-size=1048576"
    "memorysetup-temp-allocator-size-main=16777216"
    "memorysetup-job-temp-allocator-block-size=2097152"
    "memorysetup-job-temp-allocator-block-size-background=1048576"
    "memorysetup-job-temp-allocator-reduction-small-platforms=262144"
    "memorysetup-temp-allocator-size-background-worker=32768"
    "memorysetup-temp-allocator-size-job-worker=262144"
    "memorysetup-temp-allocator-size-preload-manager=33554432"
    "memorysetup-temp-allocator-size-nav-mesh-worker=65536"
    "memorysetup-temp-allocator-size-audio-worker=65536"
    "memorysetup-temp-allocator-size-cloud-worker=32768"
    "memorysetup-temp-allocator-size-gi-baking-worker=262144"
    "memorysetup-temp-allocator-size-gfx=262144"
Refreshing native plugins compatible for Editor in 176.16 ms, found 0 plugins.
Preloading 0 native plugins for Editor in 0.00 ms.
Initialize engine version: 2021.2.10f1 (ee872746220e)
[Subsystems] Discovering subsystems at path /home/bitheaven/Unity/Hub/Editor/2021.2.10f1/Editor/Data/Resources/UnitySubsystems
[Subsystems] Discovering subsystems at path /home/bitheaven/UnityProjects/Game Cleaner/Assets
GfxDevice: creating device client; threaded=0; jobified=0
[vulkan] LoadVulkanLibrary libvulkan.so.1[vulkan] Loaded instance function vkGetInstanceProcAddr
[vulkan] Loaded instance function vkGetInstanceProcAddr
[vulkan] Loaded instance function vkCreateInstance
[vulkan] Loaded instance function vkEnumerateInstanceExtensionProperties
[vulkan] Loaded instance function vkEnumerateInstanceLayerProperties
[vulkan] Loaded instance function vkEnumerateInstanceVersion
[Vulkan init] extensions: count=19
[Vulkan init] extensions: name=VK_KHR_device_group_creation, enabled=0
[Vulkan init] extensions: name=VK_KHR_external_fence_capabilities, enabled=0
[Vulkan init] extensions: name=VK_KHR_external_memory_capabilities, enabled=0
[Vulkan init] extensions: name=VK_KHR_external_semaphore_capabilities, enabled=0
[Vulkan init] extensions: name=VK_KHR_get_physical_device_properties2, enabled=1
[Vulkan init] extensions: name=VK_KHR_get_surface_capabilities2, enabled=0
[Vulkan init] extensions: name=VK_KHR_surface, enabled=1
[Vulkan init] extensions: name=VK_KHR_surface_protected_capabilities, enabled=0
[Vulkan init] extensions: name=VK_KHR_wayland_surface, enabled=0
[Vulkan init] extensions: name=VK_KHR_xcb_surface, enabled=0
[Vulkan init] extensions: name=VK_KHR_xlib_surface, enabled=1
[Vulkan init] extensions: name=VK_EXT_debug_report, enabled=1
[Vulkan init] extensions: name=VK_KHR_display, enabled=1
[Vulkan init] extensions: name=VK_KHR_get_display_properties2, enabled=0
[Vulkan init] extensions: name=VK_EXT_acquire_drm_display, enabled=0
[Vulkan init] extensions: name=VK_EXT_acquire_xlib_display, enabled=0
[Vulkan init] extensions: name=VK_EXT_direct_mode_display, enabled=0
[Vulkan init] extensions: name=VK_EXT_display_surface_counter, enabled=0
[Vulkan init] extensions: name=VK_EXT_debug_utils, enabled=0
[vulkan] Loaded instance function vkDestroyInstance
[vulkan] Loaded instance function vkGetPhysicalDeviceProperties
[vulkan] Loaded instance function vkEnumeratePhysicalDevices
Vulkan detection: 2
[Vulkan init] extensions: count=19
[Vulkan init] extensions: name=VK_KHR_device_group_creation, enabled=0
[Vulkan init] extensions: name=VK_KHR_external_fence_capabilities, enabled=0
[Vulkan init] extensions: name=VK_KHR_external_memory_capabilities, enabled=0
[Vulkan init] extensions: name=VK_KHR_external_semaphore_capabilities, enabled=0
[Vulkan init] extensions: name=VK_KHR_get_physical_device_properties2, enabled=1
[Vulkan init] extensions: name=VK_KHR_get_surface_capabilities2, enabled=0
[Vulkan init] extensions: name=VK_KHR_surface, enabled=1
[Vulkan init] extensions: name=VK_KHR_surface_protected_capabilities, enabled=0
[Vulkan init] extensions: name=VK_KHR_wayland_surface, enabled=0
[Vulkan init] extensions: name=VK_KHR_xcb_surface, enabled=0
[Vulkan init] extensions: name=VK_KHR_xlib_surface, enabled=1
[Vulkan init] extensions: name=VK_EXT_debug_report, enabled=1
[Vulkan init] extensions: name=VK_KHR_display, enabled=1
[Vulkan init] extensions: name=VK_KHR_get_display_properties2, enabled=0
[Vulkan init] extensions: name=VK_EXT_acquire_drm_display, enabled=0
[Vulkan init] extensions: name=VK_EXT_acquire_xlib_display, enabled=0
[Vulkan init] extensions: name=VK_EXT_direct_mode_display, enabled=0
[Vulkan init] extensions: name=VK_EXT_display_surface_counter, enabled=0
[Vulkan init] extensions: name=VK_EXT_debug_utils, enabled=0
[vulkan] Loaded instance function vkDestroyInstance
[vulkan] Loaded instance function vkGetPhysicalDeviceProperties
[vulkan] Loaded instance function vkEnumeratePhysicalDevices
[vulkan] Loaded instance function vkGetDeviceProcAddr
[vulkan] Loaded instance function vkGetPhysicalDeviceFeatures
[vulkan] Loaded instance function vkGetPhysicalDeviceFormatProperties
[vulkan] Loaded instance function vkGetPhysicalDeviceImageFormatProperties
[vulkan] Loaded instance function vkGetPhysicalDeviceQueueFamilyProperties
[vulkan] Loaded instance function vkGetPhysicalDeviceMemoryProperties
[vulkan] Loaded instance function vkCreateDevice
[vulkan] Loaded instance function vkEnumerateDeviceExtensionProperties
[vulkan] Loaded instance function vkEnumerateDeviceLayerProperties
[vulkan] Loaded instance function vkGetPhysicalDeviceSparseImageFormatProperties
[vulkan] Loaded instance function vkDestroySurfaceKHR
[vulkan] Loaded instance function vkGetPhysicalDeviceSurfaceSupportKHR
[vulkan] Loaded instance function vkGetPhysicalDeviceSurfaceCapabilitiesKHR
[vulkan] Loaded instance function vkGetPhysicalDeviceSurfaceFormatsKHR
[vulkan] Loaded instance function vkGetPhysicalDeviceSurfacePresentModesKHR
[vulkan] Loaded instance function vkCreateSwapchainKHR
[vulkan] Loaded instance function vkDestroySwapchainKHR
[vulkan] Loaded instance function vkGetSwapchainImagesKHR
[vulkan] Loaded instance function vkAcquireNextImageKHR
[vulkan] Loaded instance function vkQueuePresentKHR
[vulkan] Loaded instance function vkGetPhysicalDeviceDisplayPropertiesKHR
[vulkan] Loaded instance function vkGetPhysicalDeviceDisplayPlanePropertiesKHR
[vulkan] Loaded instance function vkGetDisplayPlaneSupportedDisplaysKHR
[vulkan] Loaded instance function vkGetDisplayModePropertiesKHR
[vulkan] Loaded instance function vkCreateDisplayModeKHR
[vulkan] Loaded instance function vkGetDisplayPlaneCapabilitiesKHR
[vulkan] Loaded instance function vkCreateDisplayPlaneSurfaceKHR
[vulkan] Loaded instance function vkCreateSharedSwapchainsKHR
[vulkan] Loaded instance function vkCreateXlibSurfaceKHR
[vulkan] Loaded instance function vkGetPhysicalDeviceXlibPresentationSupportKHR
[vulkan] Loaded instance function vkSetHdrMetadataEXT
[vulkan] Loaded instance function vkGetPhysicalDeviceFeatures2KHR
[vulkan] Loaded instance function vkGetPhysicalDeviceProperties2KHR
[vulkan] Loaded instance function vkGetPhysicalDeviceFormatProperties2KHR
[vulkan] Loaded instance function vkGetPhysicalDeviceImageFormatProperties2KHR
[vulkan] Loaded instance function vkGetPhysicalDeviceQueueFamilyProperties2KHR
[vulkan] Loaded instance function vkGetPhysicalDeviceMemoryProperties2KHR
[vulkan] Loaded instance function vkGetPhysicalDeviceSparseImageFormatProperties2KHR
[Vulkan init] SelectPhysicalDevice requestedDeviceIndex=-1 xrDevice=(nil)
[Vulkan init] Physical Device 0x55872d9391d0 [0]: "AMD RADV POLARIS10" deviceType=2 vendorID=1002 deviceID=67df
[Vulkan init] Physical Device 0x55872da8b3e0 [1]: "llvmpipe (LLVM 13.0.0, 256 bits)" deviceType=4 vendorID=10005 deviceID=0
[Vulkan init] Selected physical device 0x55872d9391d0
[Vulkan init] Graphics queue count=1
[Vulkan init] extensions: count=130
[Vulkan init] extensions: name=VK_KHR_8bit_storage, enabled=0
[Vulkan init] extensions: name=VK_KHR_16bit_storage, enabled=1
[Vulkan init] extensions: name=VK_KHR_bind_memory2, enabled=0
[Vulkan init] extensions: name=VK_KHR_buffer_device_address, enabled=0
[Vulkan init] extensions: name=VK_KHR_copy_commands2, enabled=0
[Vulkan init] extensions: name=VK_KHR_create_renderpass2, enabled=1
[Vulkan init] extensions: name=VK_KHR_dedicated_allocation, enabled=1
[Vulkan init] extensions: name=VK_KHR_deferred_host_operations, enabled=0
[Vulkan init] extensions: name=VK_KHR_depth_stencil_resolve, enabled=1
[Vulkan init] extensions: name=VK_KHR_descriptor_update_template, enabled=1
[Vulkan init] extensions: name=VK_KHR_device_group, enabled=0
[Vulkan init] extensions: name=VK_KHR_draw_indirect_count, enabled=0
[Vulkan init] extensions: name=VK_KHR_driver_properties, enabled=0
[Vulkan init] extensions: name=VK_KHR_dynamic_rendering, enabled=0
[Vulkan init] extensions: name=VK_KHR_external_fence, enabled=0
[Vulkan init] extensions: name=VK_KHR_external_fence_fd, enabled=0
[Vulkan init] extensions: name=VK_KHR_external_memory, enabled=0
[Vulkan init] extensions: name=VK_KHR_external_memory_fd, enabled=0
[Vulkan init] extensions: name=VK_KHR_external_semaphore, enabled=0
[Vulkan init] extensions: name=VK_KHR_external_semaphore_fd, enabled=0
[Vulkan init] extensions: name=VK_KHR_format_feature_flags2, enabled=0
[Vulkan init] extensions: name=VK_KHR_get_memory_requirements2, enabled=1
[Vulkan init] extensions: name=VK_KHR_image_format_list, enabled=1
[Vulkan init] extensions: name=VK_KHR_imageless_framebuffer, enabled=0
[Vulkan init] extensions: name=VK_KHR_incremental_present, enabled=0
[Vulkan init] extensions: name=VK_KHR_maintenance1, enabled=1
[Vulkan init] extensions: name=VK_KHR_maintenance2, enabled=1
[Vulkan init] extensions: name=VK_KHR_maintenance3, enabled=0
[Vulkan init] extensions: name=VK_KHR_maintenance4, enabled=0
[Vulkan init] extensions: name=VK_KHR_multiview, enabled=1
[Vulkan init] extensions: name=VK_KHR_pipeline_executable_properties, enabled=0
[Vulkan init] extensions: name=VK_KHR_push_descriptor, enabled=0
[Vulkan init] extensions: name=VK_KHR_relaxed_block_layout, enabled=0
[Vulkan init] extensions: name=VK_KHR_sampler_mirror_clamp_to_edge, enabled=1
[Vulkan init] extensions: name=VK_KHR_sampler_ycbcr_conversion, enabled=0
[Vulkan init] extensions: name=VK_KHR_separate_depth_stencil_layouts, enabled=0
[Vulkan init] extensions: name=VK_KHR_shader_atomic_int64, enabled=0
[Vulkan init] extensions: name=VK_KHR_shader_clock, enabled=0
[Vulkan init] extensions: name=VK_KHR_shader_draw_parameters, enabled=0
[Vulkan init] extensions: name=VK_KHR_shader_float16_int8, enabled=1
[Vulkan init] extensions: name=VK_KHR_shader_float_controls, enabled=0
[Vulkan init] extensions: name=VK_KHR_shader_integer_dot_product, enabled=0
[Vulkan init] extensions: name=VK_KHR_shader_non_semantic_info, enabled=0
[Vulkan init] extensions: name=VK_KHR_shader_subgroup_extended_types, enabled=0
[Vulkan init] extensions: name=VK_KHR_shader_subgroup_uniform_control_flow, enabled=0
[Vulkan init] extensions: name=VK_KHR_shader_terminate_invocation, enabled=0
[Vulkan init] extensions: name=VK_KHR_spirv_1_4, enabled=0
[Vulkan init] extensions: name=VK_KHR_storage_buffer_storage_class, enabled=0
[Vulkan init] extensions: name=VK_KHR_swapchain, enabled=1
[Vulkan init] extensions: name=VK_KHR_swapchain_mutable_format, enabled=0
[Vulkan init] extensions: name=VK_KHR_synchronization2, enabled=0
[Vulkan init] extensions: name=VK_KHR_timeline_semaphore, enabled=0
[Vulkan init] extensions: name=VK_KHR_uniform_buffer_standard_layout, enabled=0
[Vulkan init] extensions: name=VK_KHR_variable_pointers, enabled=0
[Vulkan init] extensions: name=VK_KHR_vulkan_memory_model, enabled=0
[Vulkan init] extensions: name=VK_KHR_workgroup_memory_explicit_layout, enabled=0
[Vulkan init] extensions: name=VK_KHR_zero_initialize_workgroup_memory, enabled=0
[Vulkan init] extensions: name=VK_EXT_4444_formats, enabled=0
[Vulkan init] extensions: name=VK_EXT_buffer_device_address, enabled=0
[Vulkan init] extensions: name=VK_EXT_calibrated_timestamps, enabled=0
[Vulkan init] extensions: name=VK_EXT_color_write_enable, enabled=0
[Vulkan init] extensions: name=VK_EXT_conditional_rendering, enabled=0
[Vulkan init] extensions: name=VK_EXT_custom_border_color, enabled=0
[Vulkan init] extensions: name=VK_EXT_depth_clip_enable, enabled=0
[Vulkan init] extensions: name=VK_EXT_depth_range_unrestricted, enabled=0
[Vulkan init] extensions: name=VK_EXT_descriptor_indexing, enabled=0
[Vulkan init] extensions: name=VK_EXT_discard_rectangles, enabled=0
[Vulkan init] extensions: name=VK_EXT_display_control, enabled=0
[Vulkan init] extensions: name=VK_EXT_extended_dynamic_state, enabled=0
[Vulkan init] extensions: name=VK_EXT_extended_dynamic_state2, enabled=0
[Vulkan init] extensions: name=VK_EXT_external_memory_dma_buf, enabled=0
[Vulkan init] extensions: name=VK_EXT_external_memory_host, enabled=0
[Vulkan init] extensions: name=VK_EXT_global_priority, enabled=0
[Vulkan init] extensions: name=VK_EXT_global_priority_query, enabled=0
[Vulkan init] extensions: name=VK_EXT_host_query_reset, enabled=0
[Vulkan init] extensions: name=VK_EXT_image_robustness, enabled=0
[Vulkan init] extensions: name=VK_EXT_image_view_min_lod, enabled=0
[Vulkan init] extensions: name=VK_EXT_index_type_uint8, enabled=0
[Vulkan init] extensions: name=VK_EXT_inline_uniform_block, enabled=0
[Vulkan init] extensions: name=VK_EXT_line_rasterization, enabled=0
[Vulkan init] extensions: name=VK_EXT_memory_budget, enabled=0
[Vulkan init] extensions: name=VK_EXT_memory_priority, enabled=0
[Vulkan init] extensions: name=VK_EXT_multi_draw, enabled=0
[Vulkan init] extensions: name=VK_EXT_pci_bus_info, enabled=0
[Vulkan init] extensions: name=VK_EXT_physical_device_drm, enabled=0
[Vulkan init] extensions: name=VK_EXT_pipeline_creation_cache_control, enabled=0
[Vulkan init] extensions: name=VK_EXT_pipeline_creation_feedback, enabled=0
[Vulkan init] extensions: name=VK_EXT_primitive_topology_list_restart, enabled=0
[Vulkan init] extensions: name=VK_EXT_private_data, enabled=0
[Vulkan init] extensions: name=VK_EXT_provoking_vertex, enabled=0
[Vulkan init] extensions: name=VK_EXT_queue_family_foreign, enabled=0
[Vulkan init] extensions: name=VK_EXT_robustness2, enabled=0
[Vulkan init] extensions: name=VK_EXT_sample_locations, enabled=0
[Vulkan init] extensions: name=VK_EXT_sampler_filter_minmax, enabled=0
[Vulkan init] extensions: name=VK_EXT_scalar_block_layout, enabled=1
[Vulkan init] extensions: name=VK_EXT_shader_atomic_float, enabled=0
[Vulkan init] extensions: name=VK_EXT_shader_atomic_float2, enabled=0
[Vulkan init] extensions: name=VK_EXT_shader_demote_to_helper_invocation, enabled=0
[Vulkan init] extensions: name=VK_EXT_shader_image_atomic_int64, enabled=0
[Vulkan init] extensions: name=VK_EXT_shader_stencil_export, enabled=0
[Vulkan init] extensions: name=VK_EXT_shader_subgroup_ballot, enabled=0
[Vulkan init] extensions: name=VK_EXT_shader_subgroup_vote, enabled=0
[Vulkan init] extensions: name=VK_EXT_shader_viewport_index_layer, enabled=1
[Vulkan init] extensions: name=VK_EXT_subgroup_size_control, enabled=0
[Vulkan init] extensions: name=VK_EXT_texel_buffer_alignment, enabled=0
[Vulkan init] extensions: name=VK_EXT_transform_feedback, enabled=0
[Vulkan init] extensions: name=VK_EXT_vertex_attribute_divisor, enabled=0
[Vulkan init] extensions: name=VK_EXT_vertex_input_dynamic_state, enabled=0
[Vulkan init] extensions: name=VK_EXT_ycbcr_image_arrays, enabled=0
[Vulkan init] extensions: name=VK_AMD_buffer_marker, enabled=0
[Vulkan init] extensions: name=VK_AMD_device_coherent_memory, enabled=0
[Vulkan init] extensions: name=VK_AMD_draw_indirect_count, enabled=0
[Vulkan init] extensions: name=VK_AMD_gcn_shader, enabled=0
[Vulkan init] extensions: name=VK_AMD_memory_overallocation_behavior, enabled=0
[Vulkan init] extensions: name=VK_AMD_mixed_attachment_samples, enabled=0
[Vulkan init] extensions: name=VK_AMD_rasterization_order, enabled=0
[Vulkan init] extensions: name=VK_AMD_shader_ballot, enabled=0
[Vulkan init] extensions: name=VK_AMD_shader_core_properties, enabled=0
[Vulkan init] extensions: name=VK_AMD_shader_core_properties2, enabled=0
[Vulkan init] extensions: name=VK_AMD_shader_explicit_vertex_parameter, enabled=0
[Vulkan init] extensions: name=VK_AMD_shader_fragment_mask, enabled=0
[Vulkan init] extensions: name=VK_AMD_shader_image_load_store_lod, enabled=0
[Vulkan init] extensions: name=VK_AMD_shader_info, enabled=0
[Vulkan init] extensions: name=VK_AMD_shader_trinary_minmax, enabled=0
[Vulkan init] extensions: name=VK_AMD_texture_gather_bias_lod, enabled=0
[Vulkan init] extensions: name=VK_GOOGLE_decorate_string, enabled=0
[Vulkan init] extensions: name=VK_GOOGLE_hlsl_functionality1, enabled=0
[Vulkan init] extensions: name=VK_GOOGLE_user_type, enabled=0
[Vulkan init] extensions: name=VK_NV_compute_shader_derivatives, enabled=0
[Vulkan init] extensions: name=VK_VALVE_mutable_descriptor_type, enabled=0
[vulkan] Loaded device function vkDestroyDevice
[vulkan] Loaded device function vkGetDeviceQueue
[vulkan] Loaded device function vkQueueSubmit
[vulkan] Loaded device function vkQueueWaitIdle
[vulkan] Loaded device function vkDeviceWaitIdle
[vulkan] Loaded device function vkAllocateMemory
[vulkan] Loaded device function vkFreeMemory
[vulkan] Loaded device function vkMapMemory
[vulkan] Loaded device function vkUnmapMemory
[vulkan] Loaded device function vkFlushMappedMemoryRanges
[vulkan] Loaded device function vkInvalidateMappedMemoryRanges
[vulkan] Loaded device function vkGetDeviceMemoryCommitment
[vulkan] Loaded device function vkBindBufferMemory
[vulkan] Loaded device function vkBindImageMemory
[vulkan] Loaded device function vkGetBufferMemoryRequirements
[vulkan] Loaded device function vkGetImageMemoryRequirements
[vulkan] Loaded device function vkGetImageSparseMemoryRequirements
[vulkan] Loaded device function vkQueueBindSparse
[vulkan] Loaded device function vkCreateFence
[vulkan] Loaded device function vkDestroyFence
[vulkan] Loaded device function vkResetFences
[vulkan] Loaded device function vkGetFenceStatus
[vulkan] Loaded device function vkWaitForFences
[vulkan] Loaded device function vkCreateSemaphore
[vulkan] Loaded device function vkDestroySemaphore
[vulkan] Loaded device function vkCreateEvent
[vulkan] Loaded device function vkDestroyEvent
[vulkan] Loaded device function vkGetEventStatus
[vulkan] Loaded device function vkSetEvent
[vulkan] Loaded device function vkResetEvent
[vulkan] Loaded device function vkCreateQueryPool
[vulkan] Loaded device function vkDestroyQueryPool
[vulkan] Loaded device function vkGetQueryPoolResults
[vulkan] Loaded device function vkCreateBuffer
[vulkan] Loaded device function vkDestroyBuffer
[vulkan] Loaded device function vkCreateBufferView
[vulkan] Loaded device function vkDestroyBufferView
[vulkan] Loaded device function vkCreateImage
[vulkan] Loaded device function vkDestroyImage
[vulkan] Loaded device function vkGetImageSubresourceLayout
[vulkan] Loaded device function vkCreateImageView
[vulkan] Loaded device function vkDestroyImageView
[vulkan] Loaded device function vkCreateShaderModule
[vulkan] Loaded device function vkDestroyShaderModule
[vulkan] Loaded device function vkCreatePipelineCache
[vulkan] Loaded device function vkDestroyPipelineCache
[vulkan] Loaded device function vkGetPipelineCacheData
[vulkan] Loaded device function vkMergePipelineCaches
[vulkan] Loaded device function vkCreateGraphicsPipelines
[vulkan] Loaded device function vkCreateComputePipelines
[vulkan] Loaded device function vkDestroyPipeline
[vulkan] Loaded device function vkCreatePipelineLayout
[vulkan] Loaded device function vkDestroyPipelineLayout
[vulkan] Loaded device function vkCreateSampler
[vulkan] Loaded device function vkDestroySampler
[vulkan] Loaded device function vkCreateDescriptorSetLayout
[vulkan] Loaded device function vkDestroyDescriptorSetLayout
[vulkan] Loaded device function vkCreateDescriptorPool
[vulkan] Loaded device function vkDestroyDescriptorPool
[vulkan] Loaded device function vkResetDescriptorPool
[vulkan] Loaded device function vkAllocateDescriptorSets
[vulkan] Loaded device function vkFreeDescriptorSets
[vulkan] Loaded device function vkUpdateDescriptorSets
[vulkan] Loaded device function vkCreateFramebuffer
[vulkan] Loaded device function vkDestroyFramebuffer
[vulkan] Loaded device function vkCreateRenderPass
[vulkan] Loaded device function vkDestroyRenderPass
[vulkan] Loaded device function vkGetRenderAreaGranularity
[vulkan] Loaded device function vkCreateCommandPool
[vulkan] Loaded device function vkDestroyCommandPool
[vulkan] Loaded device function vkResetCommandPool
[vulkan] Loaded device function vkAllocateCommandBuffers
[vulkan] Loaded device function vkFreeCommandBuffers
[vulkan] Loaded device function vkBeginCommandBuffer
[vulkan] Loaded device function vkEndCommandBuffer
[vulkan] Loaded device function vkResetCommandBuffer
[vulkan] Loaded device function vkCmdBindPipeline
[vulkan] Loaded device function vkCmdSetViewport
[vulkan] Loaded device function vkCmdSetScissor
[vulkan] Loaded device function vkCmdSetLineWidth
[vulkan] Loaded device function vkCmdSetDepthBias
[vulkan] Loaded device function vkCmdSetBlendConstants
[vulkan] Loaded device function vkCmdSetDepthBounds
[vulkan] Loaded device function vkCmdSetStencilCompareMask
[vulkan] Loaded device function vkCmdSetStencilWriteMask
[vulkan] Loaded device function vkCmdSetStencilReference
[vulkan] Loaded device function vkCmdBindDescriptorSets
[vulkan] Loaded device function vkCmdBindIndexBuffer
[vulkan] Loaded device function vkCmdBindVertexBuffers
[vulkan] Loaded device function vkCmdDraw
[vulkan] Loaded device function vkCmdDrawIndexed
[vulkan] Loaded device function vkCmdDrawIndirect
[vulkan] Loaded device function vkCmdDrawIndexedIndirect
[vulkan] Loaded device function vkCmdDispatch
[vulkan] Loaded device function vkCmdDispatchIndirect
[vulkan] Loaded device function vkCmdCopyBuffer
[vulkan] Loaded device function vkCmdCopyImage
[vulkan] Loaded device function vkCmdBlitImage
[vulkan] Loaded device function vkCmdCopyBufferToImage
[vulkan] Loaded device function vkCmdCopyImageToBuffer
[vulkan] Loaded device function vkCmdUpdateBuffer
[vulkan] Loaded device function vkCmdFillBuffer
[vulkan] Loaded device function vkCmdClearColorImage
[vulkan] Loaded device function vkCmdClearDepthStencilImage
[vulkan] Loaded device function vkCmdClearAttachments
[vulkan] Loaded device function vkCmdResolveImage
[vulkan] Loaded device function vkCmdSetEvent
[vulkan] Loaded device function vkCmdResetEvent
[vulkan] Loaded device function vkCmdWaitEvents
[vulkan] Loaded device function vkCmdPipelineBarrier
[vulkan] Loaded device function vkCmdBeginQuery
[vulkan] Loaded device function vkCmdEndQuery
[vulkan] Loaded device function vkCmdResetQueryPool
[vulkan] Loaded device function vkCmdWriteTimestamp
[vulkan] Loaded device function vkCmdCopyQueryPoolResults
[vulkan] Loaded device function vkCmdPushConstants
[vulkan] Loaded device function vkCmdBeginRenderPass
[vulkan] Loaded device function vkCmdNextSubpass
[vulkan] Loaded device function vkCmdEndRenderPass
[vulkan] Loaded device function vkCmdExecuteCommands
[vulkan] Loaded device function vkGetImageMemoryRequirements2KHR
[vulkan] Loaded device function vkGetBufferMemoryRequirements2KHR
[vulkan] Loaded device function vkGetImageSparseMemoryRequirements2KHR
[vulkan] Loaded device function vkCreateDescriptorUpdateTemplateKHR
[vulkan] Loaded device function vkDestroyDescriptorUpdateTemplateKHR
[vulkan] Loaded device function vkUpdateDescriptorSetWithTemplateKHR
[vulkan] Loaded device function vkCmdBeginRenderPass2KHR
[vulkan] Loaded device function vkCmdEndRenderPass2KHR
[vulkan] Loaded device function vkCmdNextSubpass2KHR
[vulkan] Loaded device function vkCreateRenderPass2KHR
[vulkan] Failed to load device function vkDebugMarkerSetObjectTagEXT
[vulkan] Loaded instance function vkDebugMarkerSetObjectTagEXT
[vulkan] Failed to load device function vkDebugMarkerSetObjectNameEXT
[vulkan] Loaded instance function vkDebugMarkerSetObjectNameEXT
[vulkan] Failed to load device function vkCmdDebugMarkerBeginEXT
[vulkan] Loaded instance function vkCmdDebugMarkerBeginEXT
[vulkan] Failed to load device function vkCmdDebugMarkerEndEXT
[vulkan] Loaded instance function vkCmdDebugMarkerEndEXT
[vulkan] Failed to load device function vkCmdDebugMarkerInsertEXT
[vulkan] Loaded instance function vkCmdDebugMarkerInsertEXT
Vulkan API version 1.1.0 (1.3.204 supported by driver, 1.1.0 requested)
Vulkan vendor=[ATI] id=[1002]
Vulkan renderer=[AMD RADV POLARIS10] id=[67df]
Vulkan device type 2
Vulkan driverversion=[0x05800063] uint=[92274787]
Vulkan PSO: cache data not found [path=/tmp/DefaultCompany/Game Cleaner/vulkan_pso_cache.bin]
Initialize mono
Mono path[0] = '/home/bitheaven/Unity/Hub/Editor/2021.2.10f1/Editor/Data/Managed'
Mono path[1] = '/home/bitheaven/Unity/Hub/Editor/2021.2.10f1/Editor/Data/MonoBleedingEdge/lib/mono/unityjit-linux'
Mono config path = '/home/bitheaven/Unity/Hub/Editor/2021.2.10f1/Editor/Data/MonoBleedingEdge/etc'
Using monoOptions --debugger-agent=transport=dt_socket,embedding=1,server=y,suspend=n,address=127.0.0.1:56389
Begin MonoManager ReloadAssembly
Registering precompiled unity dll's ...
Register platform support module: /home/bitheaven/Unity/Hub/Editor/2021.2.10f1/Editor/Data/PlaybackEngines/MacStandaloneSupport/UnityEditor.OSXStandalone.Extensions.dll
Register platform support module: /home/bitheaven/Unity/Hub/Editor/2021.2.10f1/Editor/Data/PlaybackEngines/WindowsStandaloneSupport/UnityEditor.WindowsStandalone.Extensions.dll
Register platform support module: /home/bitheaven/Unity/Hub/Editor/2021.2.10f1/Editor/Data/PlaybackEngines/LinuxStandaloneSupport/UnityEditor.LinuxStandalone.Extensions.dll
Registered in 0.008282 seconds.
Native extension for LinuxStandalone target not found
Native extension for WindowsStandalone target not found
Native extension for OSXStandalone target not found
Refreshing native plugins compatible for Editor in 149.25 ms, found 0 plugins.
Preloading 0 native plugins for Editor in 0.00 ms.
Mono: successfully reloaded assembly
- Completed reload, in  0.842 seconds
Domain Reload Profiling:
	ReloadAssembly (843ms)
		BeginReloadAssembly (54ms)
			ExecutionOrderSort (0ms)
			DisableScriptedObjects (0ms)
			BackupInstance (0ms)
			ReleaseScriptingObjects (0ms)
			CreateAndSetChildDomain (1ms)
		EndReloadAssembly (687ms)
			LoadAssemblies (53ms)
			RebuildTransferFunctionScriptingTraits (0ms)
			SetupTypeCache (146ms)
			ReleaseScriptCaches (0ms)
			RebuildScriptCaches (37ms)
			SetupLoadedEditorAssemblies (432ms)
				LogAssemblyErrors (0ms)
				InitializePlatformSupportModulesInManaged (27ms)
				SetLoadedEditorAssemblies (0ms)
				RefreshPlugins (149ms)
				BeforeProcessingInitializeOnLoad (5ms)
				ProcessInitializeOnLoadAttributes (193ms)
				ProcessInitializeOnLoadMethodAttributes (57ms)
				AfterProcessingInitializeOnLoad (0ms)
				EditorAssembliesLoaded (0ms)
			ExecutionOrderSort2 (0ms)
			AwakeInstancesAfterBackupRestoration (0ms)
Platform modules already initialized, skipping
Registering precompiled user dll's ...
Registered in 0.003759 seconds.
Begin MonoManager ReloadAssembly
Symbol file LoadedFromMemory doesn't match image /home/bitheaven/UnityProjects/Game Cleaner/Library/PackageCache/com.unity.visualscripting@1.7.6/Editor/VisualScripting.Core/Dependencies/YamlDotNet/Unity.VisualScripting.YamlDotNet.dll
Symbol file LoadedFromMemory doesn't match image /home/bitheaven/UnityProjects/Game Cleaner/Library/PackageCache/com.unity.visualscripting@1.7.6/Editor/VisualScripting.Core/Dependencies/DotNetZip/Unity.VisualScripting.IonicZip.dll
Native extension for LinuxStandalone target not found
Native extension for WindowsStandalone target not found
Native extension for OSXStandalone target not found
Refreshing native plugins compatible for Editor in 193.93 ms, found 0 plugins.
Preloading 0 native plugins for Editor in 0.00 ms.
System.Exception: Error! Visual Scripting: couldn't find visual scripting package
  at Unity.VisualScripting.PackageVersionUtility.get_version () [0x00043] in /home/bitheaven/UnityProjects/Game Cleaner/Library/PackageCache/com.unity.visualscripting@1.7.6/Editor/VisualScripting.Core/Utilities/PackageVersionUtility.cs:31 
  at Unity.VisualScripting.BoltCoreManifest.get_version () [0x00000] in /home/bitheaven/UnityProjects/Game Cleaner/Library/PackageCache/com.unity.visualscripting@1.7.6/Editor/VisualScripting.Core/Plugin/BoltCoreManifest.cs:11 
  at Unity.VisualScripting.PluginManifest.get_currentVersion () [0x00000] in /home/bitheaven/UnityProjects/Game Cleaner/Library/PackageCache/com.unity.visualscripting@1.7.6/Editor/VisualScripting.Core/Plugins/PluginManifest.cs:33 
  at Unity.VisualScripting.PluginManifest.get_versionMismatch () [0x00000] in /home/bitheaven/UnityProjects/Game Cleaner/Library/PackageCache/com.unity.visualscripting@1.7.6/Editor/VisualScripting.Core/Plugins/PluginManifest.cs:48 
  at Unity.VisualScripting.PluginContainer.Initialize () [0x00525] in /home/bitheaven/UnityProjects/Game Cleaner/Library/PackageCache/com.unity.visualscripting@1.7.6/Editor/VisualScripting.Core/Plugins/PluginContainer.cs:208 
  at Unity.VisualScripting.PluginContainer.InitializeOnLoad () [0x00009] in /home/bitheaven/UnityProjects/Game Cleaner/Library/PackageCache/com.unity.visualscripting@1.7.6/Editor/VisualScripting.Core/Plugins/PluginContainer.cs:32 
  at Unity.VisualScripting.VSUsageUtility.DoInitializeOnLoadCalls () [0x00034] in /home/bitheaven/UnityProjects/Game Cleaner/Library/PackageCache/com.unity.visualscripting@1.7.6/Editor/VisualScripting.Core/Utilities/VSUsageUtility.cs:76 
  at Unity.VisualScripting.VSUsageUtility.set_isVisualScriptingUsed (System.Boolean value) [0x0002c] in /home/bitheaven/UnityProjects/Game Cleaner/Library/PackageCache/com.unity.visualscripting@1.7.6/Editor/VisualScripting.Core/Utilities/VSUsageUtility.cs:114 
  at Unity.VisualScripting.VSUsageUtility.CheckAndSetIsVisualScriptingUsed () [0x00032] in /home/bitheaven/UnityProjects/Game Cleaner/Library/PackageCache/com.unity.visualscripting@1.7.6/Editor/VisualScripting.Core/Utilities/VSUsageUtility.cs:48 
  at Unity.VisualScripting.VSUsageUtility..cctor () [0x00000] in /home/bitheaven/UnityProjects/Game Cleaner/Library/PackageCache/com.unity.visualscripting@1.7.6/Editor/VisualScripting.Core/Utilities/VSUsageUtility.cs:22 
UnityEngine.StackTraceUtility:ExtractStackTrace () (at /home/bokken/buildslave/unity/build/Runtime/Export/Scripting/StackTrace.cs:37)
UnityEngine.DebugLogHandler:LogFormat (UnityEngine.LogType,UnityEngine.Object,string,object[])
UnityEngine.Logger:Log (UnityEngine.LogType,object)
UnityEngine.Debug:LogError (object)
UnityEditor.EditorAssemblies:ProcessInitializeOnLoadAttributes (System.Type[]) (at /home/bokken/buildslave/unity/build/Editor/Mono/EditorAssemblies.cs:130)

(Filename: /home/bokken/buildslave/unity/build/Editor/Mono/EditorAssemblies.cs Line: 130)

UpdateMenuTitleForLanguage: 10
Mono: successfully reloaded assembly
- Completed reload, in  3.046 seconds
Domain Reload Profiling:
	ReloadAssembly (3047ms)
		BeginReloadAssembly (135ms)
			ExecutionOrderSort (0ms)
			DisableScriptedObjects (7ms)
			BackupInstance (0ms)
			ReleaseScriptingObjects (0ms)
			CreateAndSetChildDomain (31ms)
		EndReloadAssembly (2762ms)
			LoadAssemblies (74ms)
			RebuildTransferFunctionScriptingTraits (0ms)
			SetupTypeCache (416ms)
			ReleaseScriptCaches (1ms)
			RebuildScriptCaches (121ms)
			SetupLoadedEditorAssemblies (2069ms)
				LogAssemblyErrors (0ms)
				InitializePlatformSupportModulesInManaged (24ms)
				SetLoadedEditorAssemblies (0ms)
				RefreshPlugins (194ms)
				BeforeProcessingInitializeOnLoad (139ms)
				ProcessInitializeOnLoadAttributes (1435ms)
				ProcessInitializeOnLoadMethodAttributes (269ms)
				AfterProcessingInitializeOnLoad (7ms)
				EditorAssembliesLoaded (0ms)
			ExecutionOrderSort2 (0ms)
			AwakeInstancesAfterBackupRestoration (5ms)
Platform modules already initialized, skipping
========================================================================
Worker process is ready to serve import requests
Launched and connected shader compiler UnityShaderCompiler after 0.02 seconds
Refreshing native plugins compatible for Editor in 1.16 ms, found 0 plugins.
Preloading 0 native plugins for Editor in 0.00 ms.
Unloading 5964 Unused Serialized files (Serialized files now loaded: 1)
Unloading 59 unused Assets / (3.5 MB). Loaded Objects now: 6407.
Memory consumption went from 273.6 MB to 270.1 MB.
Total: 27.535118 ms (FindLiveObjects: 0.785710 ms CreateObjectMapping: 0.495968 ms MarkObjects: 23.263408 ms  DeleteObjects: 2.986747 ms)

AssetImportParameters requested are different than current active one (requested -> active):
  custom:video-decoder-ogg-theora: a1e56fd34408186e4bbccfd4996cb3dc -> 
  custom:container-muxer-webm: aa71ff27fc2769a1b78a27578f13a17b -> 
  custom:container-demuxer-webm: 4f35f7cbe854078d1ac9338744f61a02 -> 
  custom:video-encoder-webm-vp8: eb34c28f22e8b96e1ab97ce403110664 -> 
  custom:audio-encoder-webm-vorbis: bf7c407c2cedff20999df2af8eb42d56 -> 
  custom:container-demuxer-ogg: 62fdf1f143b41e24485cea50d1cbac27 -> 
  custom:video-decoder-webm-vp8: 9c59270c3fd7afecdb556c50c9e8de78 -> 
  custom:audio-decoder-ogg-vorbis: bf7c407c2cedff20999df2af8eb42d56 -> 
========================================================================
Received Import Request.
  Time since last request: 39424.701485 seconds.
  path: Assets/Readme.asset
  artifactKey: Guid(7f2c382dc2c22446db59030979f6e495) Importer(815301076,1909f56bfc062723c751e8b465ee728b)
Start importing Assets/Readme.asset using Guid(7f2c382dc2c22446db59030979f6e495) Importer(815301076,1909f56bfc062723c751e8b465ee728b)  -> (artifact id: '036119d27b878d5f211790f0ea84ffd2') in 0.026179 seconds 
========================================================================
Received Import Request.
  Time since last request: 0.000021 seconds.
  path: Assets/New Script Graph.asset
  artifactKey: Guid(1eb4000dac8ea3a24a36e74785774007) Importer(815301076,1909f56bfc062723c751e8b465ee728b)
Start importing Assets/New Script Graph.asset using Guid(1eb4000dac8ea3a24a36e74785774007) Importer(815301076,1909f56bfc062723c751e8b465ee728b)  -> (artifact id: '167849ffdae3d25f27a62a4398aab869') in 0.034391 seconds 
